<?xml version="1.0" encoding="UTF-8" ?>
<testsuite errors="0" failures="1" hostname="Ronalds-MacBook-Pro.local" name="HelloWorldTest" skipped="0" tests="2" time="0.055" timestamp="2016-01-27T14:58:43">
  <properties>
[...]
</properties>
  <testcase classname="HelloWorldTest" name="testWillAlwaysFail" time="0.0040">
    <failure message="An error message" type="junit.framework.AssertionFailedError">junit.framework.AssertionFailedError: An error message
	at HelloWorldTest.testWillAlwaysFail(Unknown Source)
</failure>
  </testcase>
  <testcase classname="HelloWorldTest" name="testNothing" time="0.0020" />
  <system-out><![CDATA[]]></system-out>
  <system-err><![CDATA[]]></system-err>
</testsuite>
